29.10.23 13:30 Using selector: EpollSelector
29.10.23 13:30 Hello %username%! Enter your personal hash or leave it empty to create new account.

29.10.23 13:30 Вы успешно зарегистрировались, ваши данные находятся в файле credentails.txt
29.10.23 13:30 Ваше сообщение отправлено
29.10.23 13:31 Using selector: EpollSelector
29.10.23 13:31 Hello %username%! Enter your personal hash or leave it empty to create new account.

29.10.23 13:31 Неизвестный токен. Проверьте его или зарегистрируйте заново.
29.10.23 13:31 Ваше сообщение отправлено
29.10.23 13:32 Using selector: EpollSelector
29.10.23 13:32 Hello %username%! Enter your personal hash or leave it empty to create new account.

29.10.23 13:32 Неизвестный токен. Проверьте его или зарегистрируйте заново.
29.10.23 13:32 Using selector: EpollSelector
29.10.23 13:32 Hello %username%! Enter your personal hash or leave it empty to create new account.

29.10.23 13:32 Неизвестный токен. Проверьте его или зарегистрируйте заново.
29.10.23 13:32 Ваше сообщение отправлено
29.10.23 13:33 Using selector: EpollSelector
29.10.23 13:33 Hello %username%! Enter your personal hash or leave it empty to create new account.

29.10.23 13:33 Неизвестный токен. Проверьте его или зарегистрируйте заново.
29.10.23 13:36 Using selector: EpollSelector
29.10.23 13:36 Hello %username%! Enter your personal hash or leave it empty to create new account.

29.10.23 13:36 Неизвестный токен. Проверьте его или зарегистрируйте заново.
29.10.23 13:37 Using selector: EpollSelector
29.10.23 13:37 Hello %username%! Enter your personal hash or leave it empty to create new account.

29.10.23 13:37 Вы успешно зарегистрировались, ваши данные находятся в файле credentails.txt
29.10.23 13:37 Ваше сообщение отправлено
29.10.23 13:37 Using selector: EpollSelector
29.10.23 13:37 Hello %username%! Enter your personal hash or leave it empty to create new account.

29.10.23 13:37 Ваше сообщение отправлено
29.10.23 13:42 Using selector: EpollSelector
29.10.23 13:42 Hello %username%! Enter your personal hash or leave it empty to create new account.

29.10.23 13:42 Вы успешно зарегистрировались, ваши данные находятся в файле credentails.txt
29.10.23 13:42 Ваше сообщение отправлено
